Determining if the pthread_create exist failed with the following output:
Change Dir: /home/nicolas/Bureau/Cours/Réalité Augmenté/Avatar-clop/build/CMakeFiles/CMakeTmp

Run Build Command:/usr/bin/make "cmTryCompileExec4229804317/fast"
/usr/bin/make -f CMakeFiles/cmTryCompileExec4229804317.dir/build.make CMakeFiles/cmTryCompileExec4229804317.dir/build
make[1]: entrant dans le répertoire « /home/nicolas/Bureau/Cours/Réalité Augmenté/Avatar-clop/build/CMakeFiles/CMakeTmp »
/usr/bin/cmake -E cmake_progress_report "/home/nicolas/Bureau/Cours/Réalité Augmenté/Avatar-clop/build/CMakeFiles/CMakeTmp/CMakeFiles" 1
Building C object CMakeFiles/cmTryCompileExec4229804317.dir/CheckSymbolExists.c.o
/usr/bin/cc    -o CMakeFiles/cmTryCompileExec4229804317.dir/CheckSymbolExists.c.o   -c "/home/nicolas/Bureau/Cours/Réalité Augmenté/Avatar-clop/build/CMakeFiles/CMakeTmp/CheckSymbolExists.c"
Linking C executable cmTryCompileExec4229804317
/usr/bin/cmake -E cmake_link_script CMakeFiles/cmTryCompileExec4229804317.dir/link.txt --verbose=1
/usr/bin/cc       CMakeFiles/cmTryCompileExec4229804317.dir/CheckSymbolExists.c.o  -o cmTryCompileExec4229804317 -rdynamic 
CMakeFiles/cmTryCompileExec4229804317.dir/CheckSymbolExists.c.o: dans la fonction « main »:
CheckSymbolExists.c:(.text+0x16): référence indéfinie vers « pthread_create »
collect2: error: ld returned 1 exit status
make[1]: *** [cmTryCompileExec4229804317] Erreur 1
make[1]: quittant le répertoire « /home/nicolas/Bureau/Cours/Réalité Augmenté/Avatar-clop/build/CMakeFiles/CMakeTmp »
make: *** [cmTryCompileExec4229804317/fast] Erreur 2

File /home/nicolas/Bureau/Cours/Réalité Augmenté/Avatar-clop/build/CMakeFiles/CMakeTmp/CheckSymbolExists.c:
/* */
#include <pthread.h>

int main(int argc, char** argv)
{
  (void)argv;
#ifndef pthread_create
  return ((int*)(&pthread_create))[argc];
#else
  (void)argc;
  return 0;
#endif
}

Determining if the function pthread_create exists in the pthreads failed with the following output:
Change Dir: /home/nicolas/Bureau/Cours/Réalité Augmenté/Avatar-clop/build/CMakeFiles/CMakeTmp

Run Build Command:/usr/bin/make "cmTryCompileExec3066819216/fast"
/usr/bin/make -f CMakeFiles/cmTryCompileExec3066819216.dir/build.make CMakeFiles/cmTryCompileExec3066819216.dir/build
make[1]: entrant dans le répertoire « /home/nicolas/Bureau/Cours/Réalité Augmenté/Avatar-clop/build/CMakeFiles/CMakeTmp »
/usr/bin/cmake -E cmake_progress_report "/home/nicolas/Bureau/Cours/Réalité Augmenté/Avatar-clop/build/CMakeFiles/CMakeTmp/CMakeFiles" 1
Building C object CMakeFiles/cmTryCompileExec3066819216.dir/CheckFunctionExists.c.o
/usr/bin/cc   -DCHECK_FUNCTION_EXISTS=pthread_create   -o CMakeFiles/cmTryCompileExec3066819216.dir/CheckFunctionExists.c.o   -c /usr/share/cmake-2.8/Modules/CheckFunctionExists.c
Linking C executable cmTryCompileExec3066819216
/usr/bin/cmake -E cmake_link_script CMakeFiles/cmTryCompileExec3066819216.dir/link.txt --verbose=1
/usr/bin/cc   -DCHECK_FUNCTION_EXISTS=pthread_create    CMakeFiles/cmTryCompileExec3066819216.dir/CheckFunctionExists.c.o  -o cmTryCompileExec3066819216 -rdynamic -lpthreads 
/usr/bin/ld: ne peut trouver -lpthreads
collect2: error: ld returned 1 exit status
make[1]: *** [cmTryCompileExec3066819216] Erreur 1
make[1]: quittant le répertoire « /home/nicolas/Bureau/Cours/Réalité Augmenté/Avatar-clop/build/CMakeFiles/CMakeTmp »
make: *** [cmTryCompileExec3066819216/fast] Erreur 2


